[2025-11-02 17:01:01,080: INFO: main: welcome to our custom log]
[2025-11-17 20:49:19,382: INFO: main: >>>>>> stage Data Ingestion Stage started <<<<<<]
[2025-11-17 20:49:19,382: INFO: common: yaml file: config\config.yaml loaded successfully]
[2025-11-17 20:49:19,382: INFO: common: yaml file: params.yaml loaded successfully]
[2025-11-17 20:49:19,382: INFO: common: created directory at: artifacts]
[2025-11-17 20:49:19,382: INFO: common: created directory at: artifacts/data_ingestion]
[2025-11-17 20:49:21,036: INFO: data_ingestion: artifacts/data_ingestion/data.zip download with following info: 
Connection: close
Content-Length: 7903594
Cache-Control: max-age=300
Content-Security-Policy: default-src 'none'; style-src 'unsafe-inline'; sandbox
Content-Type: application/zip
ETag: "dbc016a060da18070593b83afff580c9b300f0b6ea4147a7988433e04df246ca"
Strict-Transport-Security: max-age=31536000
X-Content-Type-Options: nosniff
X-Frame-Options: deny
X-XSS-Protection: 1; mode=block
X-GitHub-Request-Id: 3AFE:24C8E:53DB43:5A2C1C:691B3CF7
Accept-Ranges: bytes
Date: Mon, 17 Nov 2025 15:19:20 GMT
Via: 1.1 varnish
X-Served-By: cache-fra-etou8220120-FRA
X-Cache: MISS
X-Cache-Hits: 0
X-Timer: S1763392760.767487,VS0,VE343
Vary: Authorization,Accept-Encoding
Access-Control-Allow-Origin: *
Cross-Origin-Resource-Policy: cross-origin
X-Fastly-Request-ID: 94e63f0073264cb69fea5527f1e33137e0ebaa11
Expires: Mon, 17 Nov 2025 15:24:20 GMT
Source-Age: 0

]
[2025-11-17 20:49:21,153: INFO: main: >>>>>> stage Data Ingestion Stage completed <<<<<

x=========x]
[2025-11-17 21:53:29,658: INFO: main: >>>>>> stage Data Ingestion Stage started <<<<<<]
[2025-11-17 21:53:29,658: INFO: common: yaml file: config\config.yaml loaded successfully]
[2025-11-17 21:53:29,658: INFO: common: yaml file: params.yaml loaded successfully]
[2025-11-17 21:53:29,658: INFO: common: created directory at: artifacts]
[2025-11-17 21:53:29,658: INFO: common: created directory at: artifacts/data_ingestion]
[2025-11-17 21:53:29,658: INFO: data_ingestion: File already exists of size: ~ 7718 KB]
[2025-11-17 21:53:29,776: INFO: main: >>>>>> stage Data Ingestion Stage completed <<<<<

x=========x]
[2025-11-17 21:53:29,776: INFO: main: >>>>>> stage Data Validation Stage started <<<<<<]
[2025-11-17 21:53:29,776: INFO: common: yaml file: config\config.yaml loaded successfully]
[2025-11-17 21:53:29,776: INFO: common: yaml file: params.yaml loaded successfully]
[2025-11-17 21:53:29,776: INFO: common: created directory at: artifacts]
[2025-11-17 21:53:29,776: INFO: common: created directory at: artifacts/data_validation]
[2025-11-17 21:53:29,776: ERROR: main: 'DataValidation' object has no attribute 'download_file']
Traceback (most recent call last):
  File "C:\Users\nithi\OneDrive\Desktop\ML Project\Project2\NLP_Project\main.py", line 22, in <module>
    data_validation.main()
  File "C:\Users\nithi\OneDrive\Desktop\ML Project\Project2\NLP_Project\src\TextSummarizer\pipeline\stage_02_data_validation.py", line 13, in main
    data_validation.download_file()
    ^^^^^^^^^^^^^^^^^^^^^^^^^^^^^
AttributeError: 'DataValidation' object has no attribute 'download_file'
[2025-11-17 21:53:45,093: INFO: main: >>>>>> stage Data Ingestion Stage started <<<<<<]
[2025-11-17 21:53:45,093: INFO: common: yaml file: config\config.yaml loaded successfully]
[2025-11-17 21:53:45,093: INFO: common: yaml file: params.yaml loaded successfully]
[2025-11-17 21:53:45,093: INFO: common: created directory at: artifacts]
[2025-11-17 21:53:45,093: INFO: common: created directory at: artifacts/data_ingestion]
[2025-11-17 21:53:45,093: INFO: data_ingestion: File already exists of size: ~ 7718 KB]
[2025-11-17 21:53:45,192: INFO: main: >>>>>> stage Data Ingestion Stage completed <<<<<

x=========x]
[2025-11-17 21:53:45,192: INFO: main: >>>>>> stage Data Validation Stage started <<<<<<]
[2025-11-17 21:53:45,192: INFO: common: yaml file: config\config.yaml loaded successfully]
[2025-11-17 21:53:45,192: INFO: common: yaml file: params.yaml loaded successfully]
[2025-11-17 21:53:45,192: INFO: common: created directory at: artifacts]
[2025-11-17 21:53:45,192: INFO: common: created directory at: artifacts/data_validation]
[2025-11-17 21:53:45,192: ERROR: main: 'DataValidation' object has no attribute 'download_file']
Traceback (most recent call last):
  File "C:\Users\nithi\OneDrive\Desktop\ML Project\Project2\NLP_Project\main.py", line 22, in <module>
    data_validation.main()
  File "C:\Users\nithi\OneDrive\Desktop\ML Project\Project2\NLP_Project\src\TextSummarizer\pipeline\stage_02_data_validation.py", line 13, in main
    data_validation.download_file()
    ^^^^^^^^^^^^^^^^^^^^^^^^^^^^^
AttributeError: 'DataValidation' object has no attribute 'download_file'
[2025-11-17 21:56:07,997: INFO: main: >>>>>> stage Data Ingestion Stage started <<<<<<]
[2025-11-17 21:56:07,997: INFO: common: yaml file: config\config.yaml loaded successfully]
[2025-11-17 21:56:07,997: INFO: common: yaml file: params.yaml loaded successfully]
[2025-11-17 21:56:07,997: INFO: common: created directory at: artifacts]
[2025-11-17 21:56:07,997: INFO: common: created directory at: artifacts/data_ingestion]
[2025-11-17 21:56:07,997: INFO: data_ingestion: File already exists of size: ~ 7718 KB]
[2025-11-17 21:56:08,093: INFO: main: >>>>>> stage Data Ingestion Stage completed <<<<<

x=========x]
[2025-11-17 21:56:08,093: INFO: main: >>>>>> stage Data Validation Stage started <<<<<<]
[2025-11-17 21:56:08,093: INFO: common: yaml file: config\config.yaml loaded successfully]
[2025-11-17 21:56:08,093: INFO: common: yaml file: params.yaml loaded successfully]
[2025-11-17 21:56:08,093: INFO: common: created directory at: artifacts]
[2025-11-17 21:56:08,093: INFO: common: created directory at: artifacts/data_validation]
[2025-11-17 21:56:08,093: INFO: main: >>>>>> stage Data Validation Stage completed <<<<<

x=========x]
